<?xml version="1.0" encoding="UTF-8"?>
<Site BuildName="Linux-g++"
	BuildStamp="20231112-0259-Experimental"
	Name="nixos-lenovo"
	Generator="ctest-3.26.4"
	CompilerName="/run/current-system/sw/bin/g++"
	CompilerVersion="12.3.0"
	OSName="Linux"
	Hostname="nixos-lenovo"
	OSRelease="6.6.0"
	OSVersion="#1-NixOS SMP PREEMPT_DYNAMIC Mon Oct 30 02:31:08 UTC 2023"
	OSPlatform="x86_64"
	Is64Bits="1"
	VendorString="AuthenticAMD"
	VendorID="Advanced Micro Devices"
	FamilyID="23"
	ModelID="96"
	ProcessorCacheSize="512"
	NumberOfLogicalCPU="8"
	NumberOfPhysicalCPU="8"
	TotalVirtualMemory="8191"
	TotalPhysicalMemory="15367"
	LogicalProcessorsPerPhysical="1"
	ProcessorClockFrequency="2297.59"
	>
	<Testing>
		<StartDateTime>Nov 12 10:10 EST</StartDateTime>
		<StartTestTime>1699801849</StartTestTime>
		<TestList/>
		<EndDateTime>Nov 12 10:10 EST</EndDateTime>
		<EndTestTime>1699801849</EndTestTime>
		<ElapsedMinutes>0</ElapsedMinutes>
	</Testing>
</Site>
